(node:53987) [DEP0176] DeprecationWarning: fs.F_OK is deprecated, use fs.constants.F_OK instead
(Use `node --trace-deprecation ...` to show where the warning was created)
Creating an optimized production build...
Compiled with warnings.

[eslint] 
src/App.js
  Line 25:8:    'ProtectedRoute' is defined but never used           no-unused-vars
  Line 185:25:  'error' is assigned a value but never used           no-unused-vars
  Line 186:23:  'setUserProfile' is assigned a value but never used  no-unused-vars

src/components/Layout/Layout.jsx
  Line 191:25:  'setNotifications' is assigned a value but never used  no-unused-vars
  Line 192:10:  'searchOpen' is assigned a value but never used        no-unused-vars

src/components/SchoolMap/SchoolMap.jsx
  Line 3:58:  'CircleMarker' is defined but never used          no-unused-vars
  Line 4:56:  'IconButton' is defined but never used            no-unused-vars
  Line 4:68:  'Tooltip' is defined but never used               no-unused-vars
  Line 5:38:  'Phone' is defined but never used                 no-unused-vars
  Line 5:57:  'MyLocation' is defined but never used            no-unused-vars
  Line 5:69:  'ZoomIn' is defined but never used                no-unused-vars
  Line 9:3:   'DISTRICT_COORDINATES' is defined but never used  no-unused-vars

src/components/SchoolSelector/SchoolSelector.jsx
  Line 19:3:  'SL_SCHOOLS_BY_PROVINCE' is defined but never used                                                                                                                           no-unused-vars
  Line 68:6:  React Hook useEffect has a missing dependency: 'selectedDistrict'. Either include it or remove the dependency array                                                          react-hooks/exhaustive-deps
  Line 94:6:  React Hook useEffect has missing dependencies: 'districts', 'i18n.language', 'selectedDistrict', and 'selectedProvince'. Either include them or remove the dependency array  react-hooks/exhaustive-deps

src/config/googleMaps.js
  Line 161:1:  Assign object to a variable before exporting as module default  import/no-anonymous-default-export

src/data/sriLankaCoordinates.js
  Line 17:3:  Duplicate key 'MAT'                                             no-dupe-keys
  Line 95:1:  Assign object to a variable before exporting as module default  import/no-anonymous-default-export

src/pages/Admin/AIContentGenerator.jsx
  Line 13:3:  'Chip' is defined but never used           no-unused-vars
  Line 22:3:  'Divider' is defined but never used        no-unused-vars
  Line 27:3:  'Dialog' is defined but never used         no-unused-vars
  Line 28:3:  'DialogTitle' is defined but never used    no-unused-vars
  Line 29:3:  'DialogContent' is defined but never used  no-unused-vars
  Line 30:3:  'DialogActions' is defined but never used  no-unused-vars
  Line 38:3:  'Refresh' is defined but never used        no-unused-vars
  Line 39:3:  'Save' is defined but never used           no-unused-vars
  Line 42:3:  'CheckCircle' is defined but never used    no-unused-vars

src/pages/Admin/AdminDashboard.jsx
  Line 1:27:   'useEffect' is defined but never used          no-unused-vars
  Line 18:3:   'Visibility' is defined but never used         no-unused-vars
  Line 19:3:   'CloudUpload' is defined but never used        no-unused-vars
  Line 29:17:  'setStats' is assigned a value but never used  no-unused-vars

src/pages/Admin/ContentManager.jsx
  Line 30:3:  'CloudUpload' is defined but never used  no-unused-vars

src/pages/Admin/ImageGenerator.jsx
  Line 14:3:   'TextField' is defined but never used                      no-unused-vars
  Line 15:3:   'Select' is defined but never used                         no-unused-vars
  Line 16:3:   'MenuItem' is defined but never used                       no-unused-vars
  Line 17:3:   'FormControl' is defined but never used                    no-unused-vars
  Line 18:3:   'InputLabel' is defined but never used                     no-unused-vars
  Line 20:3:   'Alert' is defined but never used                          no-unused-vars
  Line 27:3:   'List' is defined but never used                           no-unused-vars
  Line 28:3:   'ListItem' is defined but never used                       no-unused-vars
  Line 29:3:   'ListItemText' is defined but never used                   no-unused-vars
  Line 30:3:   'ListItemAvatar' is defined but never used                 no-unused-vars
  Line 31:3:   'Avatar' is defined but never used                         no-unused-vars
  Line 37:3:   'CloudUpload' is defined but never used                    no-unused-vars
  Line 38:3:   'Refresh' is defined but never used                        no-unused-vars
  Line 39:3:   'CheckCircle' is defined but never used                    no-unused-vars
  Line 40:12:  'ErrorIcon' is defined but never used                      no-unused-vars
  Line 52:3:   'saveImageToFirebase' is defined but never used            no-unused-vars
  Line 53:3:   'saveImageToSpeciesDocument' is defined but never used     no-unused-vars
  Line 101:9:  'handleGenerateSingle' is assigned a value but never used  no-unused-vars

src/pages/Admin/SchoolsManager.jsx
  Line 36:10:  'schools' is assigned a value but never used  no-unused-vars

src/pages/Auth/Login.jsx
  Line 18:3:  'Grid' is defined but never used    no-unused-vars
  Line 26:3:  'School' is defined but never used  no-unused-vars

src/pages/Auth/Register.jsx
  Line 2:27:   'useEffect' is defined but never used          no-unused-vars
  Line 28:3:   'Chip' is defined but never used               no-unused-vars
  Line 29:3:   'Autocomplete' is defined but never used       no-unused-vars
  Line 38:3:   'School' is defined but never used             no-unused-vars
  Line 48:54:  'getSchoolsList' is defined but never used     no-unused-vars
  Line 48:70:  'searchSchools' is defined but never used      no-unused-vars
  Line 72:5:   'setValue' is assigned a value but never used  no-unused-vars

src/pages/Auth/VerifyEmail.jsx
  Line 12:39:  'ErrorIcon' is defined but never used  no-unused-vars

src/pages/Challenges/Challenges.jsx
  Line 13:3:  'IconButton' is defined but never used  no-unused-vars

src/pages/CitizenScience/CitizenScience.jsx
  Line 39:3:   'Tooltip' is defined but never used                                                                                                          no-unused-vars
  Line 40:3:   'FormControlLabel' is defined but never used                                                                                                 no-unused-vars
  Line 41:3:   'Checkbox' is defined but never used                                                                                                         no-unused-vars
  Line 42:3:   'RadioGroup' is defined but never used                                                                                                       no-unused-vars
  Line 43:3:   'Radio' is defined but never used                                                                                                            no-unused-vars
  Line 44:3:   'FormLabel' is defined but never used                                                                                                        no-unused-vars
  Line 45:3:   'InputAdornment' is defined but never used                                                                                                   no-unused-vars
  Line 50:3:   'PhotoCamera' is defined but never used                                                                                                      no-unused-vars
  Line 61:3:   'Add' is defined but never used                                                                                                              no-unused-vars
  Line 62:3:   'Edit' is defined but never used                                                                                                             no-unused-vars
  Line 63:3:   'Map' is defined but never used                                                                                                              no-unused-vars
  Line 66:3:   'Warning' is defined but never used                                                                                                          no-unused-vars
  Line 67:3:   'Info' is defined but never used                                                                                                             no-unused-vars
  Line 68:3:   'CalendarToday' is defined but never used                                                                                                    no-unused-vars
  Line 69:3:   'AccessTime' is defined but never used                                                                                                       no-unused-vars
  Line 71:18:  'AnimatePresence' is defined but never used                                                                                                  no-unused-vars
  Line 84:10:  'addPoints' is defined but never used                                                                                                        no-unused-vars
  Line 88:9:   'navigate' is assigned a value but never used                                                                                                no-unused-vars
  Line 92:10:  'loading' is assigned a value but never used                                                                                                 no-unused-vars
  Line 107:6:  React Hook useEffect has missing dependencies: 'loadProjects' and 'loadUserSubmissions'. Either include them or remove the dependency array  react-hooks/exhaustive-deps

src/pages/Dashboard/Dashboard.jsx
  Line 20:3:    'ListItemSecondaryAction' is defined but never used                                                                                                                  no-unused-vars
  Line 22:3:    'Badge' is defined but never used                                                                                                                                    no-unused-vars
  Line 26:3:    'TrendingUp' is defined but never used                                                                                                                               no-unused-vars
  Line 31:3:    'Timer' is defined but never used                                                                                                                                    no-unused-vars
  Line 33:3:    'ArrowForward' is defined but never used                                                                                                                             no-unused-vars
  Line 37:3:    'Water' is defined but never used                                                                                                                                    no-unused-vars
  Line 41:3:    'Notifications' is defined but never used                                                                                                                            no-unused-vars
  Line 43:3:    'CheckCircle' is defined but never used                                                                                                                              no-unused-vars
  Line 44:3:    'Lock' is defined but never used                                                                                                                                     no-unused-vars
  Line 62:30:   'getRecommendedActivities' is defined but never used                                                                                                                 no-unused-vars
  Line 165:10:  'recentActivity' is assigned a value but never used                                                                                                                  no-unused-vars
  Line 165:26:  'setRecentActivity' is assigned a value but never used                                                                                                               no-unused-vars
  Line 171:10:  'dashboardConfig' is assigned a value but never used                                                                                                                 no-unused-vars
  Line 205:6:   React Hook useEffect has missing dependencies: 'loadDashboardData', 'safeProfile.grade', and 'updateUserStreak'. Either include them or remove the dependency array  react-hooks/exhaustive-deps
  Line 222:17:  'submissions' is assigned a value but never used                                                                                                                     no-unused-vars
  Line 270:6:   React Hook useMemo has an unnecessary dependency: 'i18n.language'. Either exclude it or remove the dependency array                                                  react-hooks/exhaustive-deps
  Line 339:6:   React Hook useMemo has an unnecessary dependency: 'i18n.language'. Either exclude it or remove the dependency array                                                  react-hooks/exhaustive-deps

src/pages/FieldVisits/FieldVisits.jsx
  Line 35:9:  'navigate' is assigned a value but never used  no-unused-vars

src/pages/Interactive/QuizBattle.jsx
  Line 16:3:   'Divider' is defined but never used                                                                               no-unused-vars
  Line 17:3:   'Dialog' is defined but never used                                                                                no-unused-vars
  Line 18:3:   'DialogContent' is defined but never used                                                                         no-unused-vars
  Line 44:11:  't' is assigned a value but never used                                                                            no-unused-vars
  Line 148:6:  React Hook useEffect has a missing dependency: 'handleTimeout'. Either include it or remove the dependency array  react-hooks/exhaustive-deps
  Line 162:6:  React Hook useEffect has a missing dependency: 'opponents'. Either include it or remove the dependency array      react-hooks/exhaustive-deps

src/pages/Interactive/SpeciesExplorer.jsx
  Line 21:3:   'Avatar' is defined but never used                                                                              no-unused-vars
  Line 23:3:   'Tooltip' is defined but never used                                                                             no-unused-vars
  Line 24:3:   'Fade' is defined but never used                                                                                no-unused-vars
  Line 29:3:   'FilterList' is defined but never used                                                                          no-unused-vars
  Line 34:3:   'ZoomIn' is defined but never used                                                                              no-unused-vars
  Line 36:3:   'CameraAlt' is defined but never used                                                                           no-unused-vars
  Line 38:3:   'Star' is defined but never used                                                                                no-unused-vars
  Line 50:11:  't' is assigned a value but never used                                                                          no-unused-vars
  Line 170:6:  React Hook useEffect has a missing dependency: 'mockSpecies'. Either include it or remove the dependency array  react-hooks/exhaustive-deps

src/pages/Interactive/VirtualOceanDive.jsx
  Line 8:3:    'CardContent' is defined but never used                                                                                                               no-unused-vars
  Line 10:3:   'Slider' is defined but never used                                                                                                                    no-unused-vars
  Line 19:3:   'Avatar' is defined but never used                                                                                                                    no-unused-vars
  Line 26:3:   'Explore' is defined but never used                                                                                                                   no-unused-vars
  Line 28:3:   'WbSunny' is defined but never used                                                                                                                   no-unused-vars
  Line 29:3:   'Brightness3' is defined but never used                                                                                                               no-unused-vars
  Line 31:3:   'Speed' is defined but never used                                                                                                                     no-unused-vars
  Line 34:3:   'Favorite' is defined but never used                                                                                                                  no-unused-vars
  Line 35:3:   'ViewInAr' is defined but never used                                                                                                                  no-unused-vars
  Line 46:11:  't' is assigned a value but never used                                                                                                                no-unused-vars
  Line 54:10:  'cameraMode' is assigned a value but never used                                                                                                       no-unused-vars
  Line 54:22:  'setCameraMode' is assigned a value but never used                                                                                                    no-unused-vars
  Line 154:6:  React Hook useEffect has missing dependencies: 'currentZone.creatures' and 'discoveredCreatures'. Either include them or remove the dependency array  react-hooks/exhaustive-deps

src/pages/MarineLife/MarineLife.jsx
  Line 12:3:   'CardActionArea' is defined but never used                                                                                                                                   no-unused-vars
  Line 25:3:   'Badge' is defined but never used                                                                                                                                            no-unused-vars
  Line 27:3:   'LinearProgress' is defined but never used                                                                                                                                   no-unused-vars
  Line 31:3:   'Dialog' is defined but never used                                                                                                                                           no-unused-vars
  Line 32:3:   'DialogTitle' is defined but never used                                                                                                                                      no-unused-vars
  Line 33:3:   'DialogContent' is defined but never used                                                                                                                                    no-unused-vars
  Line 45:3:   'Favorite' is defined but never used                                                                                                                                         no-unused-vars
  Line 46:3:   'Share' is defined but never used                                                                                                                                            no-unused-vars
  Line 49:3:   'Info' is defined but never used                                                                                                                                             no-unused-vars
  Line 50:3:   'PlayCircle' is defined but never used                                                                                                                                       no-unused-vars
  Line 55:3:   'TrendingUp' is defined but never used                                                                                                                                       no-unused-vars
  Line 60:3:   'getSpecies' is defined but never used                                                                                                                                       no-unused-vars
  Line 61:3:   'searchSpecies' is defined but never used                                                                                                                                    no-unused-vars
  Line 62:3:   'getSpeciesByHabitat' is defined but never used                                                                                                                              no-unused-vars
  Line 65:3:   'CONSERVATION_STATUS' is defined but never used                                                                                                                              no-unused-vars
  Line 69:10:  'GRADE_SPECIFIC_MARINE_SPECIES' is defined but never used                                                                                                                    no-unused-vars
  Line 69:41:  'getSpeciesContentByGrade' is defined but never used                                                                                                                         no-unused-vars
  Line 69:67:  'getAllSpeciesForGrade' is defined but never used                                                                                                                            no-unused-vars
  Line 70:25:  'getDifficultyLevel' is defined but never used                                                                                                                               no-unused-vars
  Line 70:45:  'getGradeAppropriateText' is defined but never used                                                                                                                          no-unused-vars
  Line 91:10:  'tabValue' is assigned a value but never used                                                                                                                                no-unused-vars
  Line 91:20:  'setTabValue' is assigned a value but never used                                                                                                                             no-unused-vars
  Line 103:5:  React Hook useMemo has missing dependencies: 'marineStats.coral', 'marineStats.mammals', and 'marineStats.totalSpecies'. Either include them or remove the dependency array  react-hooks/exhaustive-deps
  Line 133:6:  React Hook useEffect has a missing dependency: 'loadSpecies'. Either include it or remove the dependency array                                                               react-hooks/exhaustive-deps

src/pages/MarineLife/SpeciesDetail.jsx
  Line 49:6:  React Hook useEffect has a missing dependency: 'loadSpeciesData'. Either include it or remove the dependency array  react-hooks/exhaustive-deps

src/pages/NARAInAction/NARAInAction.jsx
  Line 9:3:    'CardContent' is defined but never used  no-unused-vars
  Line 15:25:  'School' is defined but never used       no-unused-vars
  Line 15:33:  'Article' is defined but never used      no-unused-vars

src/pages/Profile/Achievements.jsx
  Line 15:3:   'Tooltip' is defined but never used                   no-unused-vars
  Line 199:9:  'getCategoryIcon' is assigned a value but never used  no-unused-vars

src/pages/Quiz/QuizCenter.jsx
  Line 13:3:   'LinearProgress' is defined but never used                                                                      no-unused-vars
  Line 34:17:  'setStats' is assigned a value but never used                                                                   no-unused-vars
  Line 109:6:  React Hook useEffect has a missing dependency: 'baseQuizzes'. Either include it or remove the dependency array  react-hooks/exhaustive-deps

src/pages/Resources/Downloads.jsx
  Line 15:3:  'List' is defined but never used                     no-unused-vars
  Line 16:3:  'ListItem' is defined but never used                 no-unused-vars
  Line 17:3:  'ListItemIcon' is defined but never used             no-unused-vars
  Line 18:3:  'ListItemText' is defined but never used             no-unused-vars
  Line 19:3:  'ListItemSecondaryAction' is defined but never used  no-unused-vars
  Line 20:3:  'IconButton' is defined but never used               no-unused-vars
  Line 32:3:  'InsertDriveFile' is defined but never used          no-unused-vars

src/pages/Resources/MediaGallery.jsx
  Line 5:3:   'Grid' is defined but never used          no-unused-vars
  Line 20:3:  'PhotoLibrary' is defined but never used  no-unused-vars

src/pages/Resources/StudentShowcase.jsx
  Line 12:3:  'Button' is defined but never used  no-unused-vars
  Line 27:3:  'Star' is defined but never used    no-unused-vars

src/pages/SchoolDirectory/SchoolDirectory.jsx
  Line 30:3:  'Badge' is defined but never used                                                                               no-unused-vars
  Line 40:3:  'Phone' is defined but never used                                                                               no-unused-vars
  Line 41:3:  'Email' is defined but never used                                                                               no-unused-vars
  Line 45:3:  'Public' is defined but never used                                                                              no-unused-vars
  Line 46:3:  'CalendarToday' is defined but never used                                                                       no-unused-vars
  Line 71:6:  React Hook useEffect has a missing dependency: 'loadSchools'. Either include it or remove the dependency array  react-hooks/exhaustive-deps

src/pages/Settings/Settings.jsx
  Line 36:3:  'Email' is defined but never used  no-unused-vars
  Line 39:3:  'Edit' is defined but never used   no-unused-vars

src/pages/StudentPortfolio/StudentPortfolio.jsx
  Line 20:3:   'Tooltip' is defined but never used                                                                                   no-unused-vars
  Line 27:3:   'Alert' is defined but never used                                                                                     no-unused-vars
  Line 34:3:   'Print' is defined but never used                                                                                     no-unused-vars
  Line 42:3:   'Waves' is defined but never used                                                                                     no-unused-vars
  Line 47:3:   'Code' is defined but never used                                                                                      no-unused-vars
  Line 49:3:   'Lock' is defined but never used                                                                                      no-unused-vars
  Line 50:3:   'Public' is defined but never used                                                                                    no-unused-vars
  Line 51:3:   'LinkedIn' is defined but never used                                                                                  no-unused-vars
  Line 52:3:   'Twitter' is defined but never used                                                                                   no-unused-vars
  Line 53:3:   'Facebook' is defined but never used                                                                                  no-unused-vars
  Line 54:11:  'LinkIcon' is defined but never used                                                                                  no-unused-vars
  Line 144:6:  React Hook useEffect has a missing dependency: 'loadPortfolioData'. Either include it or remove the dependency array  react-hooks/exhaustive-deps

src/pages/StudentProfile/StudentProfile.jsx
  Line 13:3:    'CardContent' is defined but never used                  no-unused-vars
  Line 118:11:  'pointsForNextLevel' is assigned a value but never used  no-unused-vars

src/pages/Teacher/LessonPlans.jsx
  Line 26:3:  'ListItemSecondaryAction' is defined but never used  no-unused-vars
  Line 36:3:  'Schedule' is defined but never used                 no-unused-vars

src/pages/Teacher/StudentProgress.jsx
  Line 18:3:   'Paper' is defined but never used                  no-unused-vars
  Line 26:3:   'Tabs' is defined but never used                   no-unused-vars
  Line 27:3:   'Tab' is defined but never used                    no-unused-vars
  Line 36:3:   'FilterList' is defined but never used             no-unused-vars
  Line 67:10:  'activeTab' is assigned a value but never used     no-unused-vars
  Line 67:21:  'setActiveTab' is assigned a value but never used  no-unused-vars

src/pages/Teacher/TeacherDashboard.jsx
  Line 13:3:  'Table' is defined but never used           no-unused-vars
  Line 14:3:  'TableBody' is defined but never used       no-unused-vars
  Line 15:3:  'TableCell' is defined but never used       no-unused-vars
  Line 16:3:  'TableContainer' is defined but never used  no-unused-vars
  Line 17:3:  'TableHead' is defined but never used       no-unused-vars
  Line 18:3:  'TableRow' is defined but never used        no-unused-vars
  Line 19:3:  'Paper' is defined but never used           no-unused-vars
  Line 20:3:  'IconButton' is defined but never used      no-unused-vars
  Line 30:3:  'CheckCircle' is defined but never used     no-unused-vars
  Line 31:3:  'Warning' is defined but never used         no-unused-vars

src/pages/TeacherPortfolio/TeacherPortfolio.jsx
  Line 19:3:   'Tooltip' is defined but never used                                                                                      no-unused-vars
  Line 47:3:   'LinkedIn' is defined but never used                                                                                     no-unused-vars
  Line 48:3:   'Twitter' is defined but never used                                                                                      no-unused-vars
  Line 49:3:   'Email' is defined but never used                                                                                        no-unused-vars
  Line 50:3:   'Language' is defined but never used                                                                                     no-unused-vars
  Line 55:3:   'Psychology' is defined but never used                                                                                   no-unused-vars
  Line 56:3:   'Science' is defined but never used                                                                                      no-unused-vars
  Line 57:3:   'PublishedWithChanges' is defined but never used                                                                         no-unused-vars
  Line 119:6:  React Hook useEffect has a missing dependency: 'loadTeacherPortfolio'. Either include it or remove the dependency array  react-hooks/exhaustive-deps

src/pages/UnderwaterCams/UnderwaterCams.jsx
  Line 2:84:  'ToggleButton' is defined but never used       no-unused-vars
  Line 2:98:  'ToggleButtonGroup' is defined but never used  no-unused-vars
  Line 3:66:  'Refresh' is defined but never used            no-unused-vars
  Line 6:10:  'view' is assigned a value but never used      no-unused-vars
  Line 6:16:  'setView' is assigned a value but never used   no-unused-vars

src/pages/WaterHeritage/WaterHeritage.jsx
  Line 1:17:  'useState' is defined but never used  no-unused-vars

src/services/authService.js
  Line 47:7:   'parentEmail' is assigned a value but never used                no-unused-vars
  Line 407:7:  'createTeacherProfile' is assigned a value but never used       no-unused-vars
  Line 473:1:  Assign object to a variable before exporting as module default  import/no-anonymous-default-export

src/services/citizenScienceService.js
  Line 15:3:   'arrayUnion' is defined but never used                          no-unused-vars
  Line 552:1:  Assign object to a variable before exporting as module default  import/no-anonymous-default-export

src/services/gamificationService.js
  Line 15:3:    'limit' is defined but never used                               no-unused-vars
  Line 496:17:  'key' is assigned a value but never used                        no-unused-vars
  Line 725:1:   Assign object to a variable before exporting as module default  import/no-anonymous-default-export

src/services/geminiAIService.js
  Line 353:1:  Assign object to a variable before exporting as module default  import/no-anonymous-default-export

src/services/integratedAuthService.js
  Line 611:1:  Assign object to a variable before exporting as module default  import/no-anonymous-default-export

src/services/marineSpeciesService.js
  Line 22:3:   'deleteObject' is defined but never used                        no-unused-vars
  Line 597:1:  Assign object to a variable before exporting as module default  import/no-anonymous-default-export

src/services/oceanDataService.js
  Line 11:3:   'limit' is defined but never used                               no-unused-vars
  Line 12:3:   'onSnapshot' is defined but never used                          no-unused-vars
  Line 18:3:   'set' is defined but never used                                 no-unused-vars
  Line 19:3:   'push' is defined but never used                                no-unused-vars
  Line 20:22:  'rtdbTimestamp' is defined but never used                       no-unused-vars
  Line 23:8:   'axios' is defined but never used                               no-unused-vars
  Line 534:1:  Assign object to a variable before exporting as module default  import/no-anonymous-default-export

src/services/schoolExcelService.js
  Line 3:10:   'getStorage' is defined but never used                          no-unused-vars
  Line 8:7:    'ACCESS_TOKEN' is assigned a value but never used               no-unused-vars
  Line 57:11:  'schoolId' is assigned a value but never used                   no-unused-vars
  Line 370:1:  Assign object to a variable before exporting as module default  import/no-anonymous-default-export

src/services/schoolService.js
  Line 7:3:    'setDoc' is defined but never used                              no-unused-vars
  Line 486:1:  Assign object to a variable before exporting as module default  import/no-anonymous-default-export

src/utils/gradeContentAdapter.js
  Line 86:9:   'gradeLevel' is assigned a value but never used                 no-unused-vars
  Line 267:1:  Assign object to a variable before exporting as module default  import/no-anonymous-default-export

Search for the keywords to learn more about each warning.
To ignore, add // eslint-disable-next-line to the line before.

File sizes after gzip:

  1.21 MB (+15.31 kB)  build/static/js/main.d5eb2b28.js
  6.57 kB              build/static/css/main.92906806.css

The bundle size is significantly larger than recommended.
Consider reducing it with code splitting: https://goo.gl/9VhYWB
You can also analyze the project dependencies: https://goo.gl/LeUzfb

The project was built assuming it is hosted at /.
You can control this with the homepage field in your package.json.

The build folder is ready to be deployed.
You may serve it with a static server:

  yarn global add serve
  serve -s build

Find out more about deployment here:

  https://cra.link/deployment

